;! output_format 5.3
; header 116301174068
; 
;                                   PrimePower 
; 
;                  Version Q-2019.12 for linux64 - Nov 20, 2019 
; 
;                     Copyright (c) 1988 - 2019 Synopsys, Inc.
;    This software and the associated documentation are proprietary to Synopsys,
;  Inc. This software may only be used in accordance with the terms and conditions
;  of a written license agreement with Synopsys, Inc. All other use, reproduction,
;             or distribution of this software is strictly prohibited.
;

;
.time_resolution 0.001
.hier_separator /
.index Pc(adder) 1 Pc
0
1  2.637e-06
100
1  5.122e-04
123
1 -2.371e-05
176
1  2.773e-06
200
1  1.241e-03
209
1  1.056e-03
210
1  1.056e-03
222
1  1.021e-03
223
1  8.190e-04
224
1  5.788e-04
225
1  6.943e-05
226
1  2.881e-06
274
1  2.872e-06
275
1  1.817e-03
279
1  1.791e-03
280
1  1.809e-03
283
1  1.954e-03
285
1  1.692e-03
297
1  1.636e-03
298
1  1.261e-03
299
1  8.885e-04
300
1  1.049e-04
301
1  2.783e-06
349
1  2.786e-06
350
1  1.281e-03
363
1  1.282e-03
365
1  1.499e-03
367
1  1.372e-03
369
1  1.040e-03
372
1  1.020e-03
373
1  8.190e-04
374
1  5.788e-04
375
1  6.947e-05
376
1  2.916e-06
424
1  2.325e-03
428
1  2.475e-03
430
1  2.339e-03
433
1  2.513e-03
434
1  2.029e-03
437
1  1.846e-03
443
1  1.751e-03
447
1  1.695e-03
448
1  1.261e-03
449
1  8.886e-04
450
1  1.050e-04
451
1  2.836e-06
499
1  2.843e-06
500
1  1.850e-03
508
1  1.622e-03
509
1  1.622e-03
510
1  1.435e-03
512
1  1.340e-03
514
1  9.653e-04
516
1  9.912e-04
517
1  9.577e-04
522
1  9.226e-04
523
1  7.873e-04
524
1  5.788e-04
525
1  6.948e-05
526
1  2.924e-06
574
1  2.915e-06
575
1  1.844e-03
579
1  1.818e-03
580
1  1.836e-03
583
1  1.981e-03
585
1  1.718e-03
597
1  1.662e-03
598
1  1.261e-03
599
1  8.886e-04
600
1  1.050e-04
601
1  2.825e-06
649
1  1.432e-03
659
1  1.247e-03
663
1  1.317e-03
665
1  1.321e-03
667
1  1.663e-03
669
1  1.665e-03
672
1  1.339e-03
673
1  1.168e-03
674
1  6.291e-04
675
1  1.197e-04
676
1 -7.298e-05
677
1  2.967e-06
725
1  2.669e-03
729
1  2.788e-03
730
1  2.384e-03
733
1  2.698e-03
734
1  2.354e-03
735
1  2.438e-03
737
1  2.164e-03
740
1  2.330e-03
742
1  2.295e-03
743
1  2.045e-03
744
1  1.785e-03
747
1  1.729e-03
748
1  1.286e-03
749
1  8.886e-04
750
1  1.050e-04
751
1  2.867e-06
799
1  2.302e-03
808
1  1.843e-03
810
1  1.751e-03
812
1  2.203e-03
814
1  1.140e-03
816
1  1.166e-03
818
1  1.458e-03
819
1  1.461e-03
821
1  1.065e-03
822
1  1.030e-03
823
1  8.123e-04
824
1  6.894e-04
825
1  1.800e-04
826
1  2.922e-06
874
1  2.219e-03
878
1  2.184e-03
880
1  2.152e-03
882
1  2.505e-03
885
1  2.022e-03
886
1  1.891e-03
892
1  2.165e-03
894
1  1.718e-03
897
1  1.662e-03
898
1  1.262e-03
899
1  8.886e-04
900
1  1.050e-04
901
1  2.813e-06
949
1  1.672e-03
959
1  1.487e-03
963
1  1.583e-03
965
1  1.800e-03
967
1  1.673e-03
969
1  1.118e-03
971
1  9.716e-04
972
1  9.525e-04
973
1  7.842e-04
974
1  5.789e-04
975
1  6.949e-05
976
1  2.933e-06
1024
1  1.994e-03
1030
1  2.015e-03
1032
1  2.400e-03
1036
1  2.406e-03
1038
1  1.922e-03
1043
1  1.827e-03
1044
1  1.784e-03
1047
1  1.728e-03
1048
1  1.294e-03
1049
1  8.886e-04
1050
1  1.050e-04
1051
1  2.845e-06
1099
1  2.852e-06
1100
1  2.060e-03
1108
1  1.831e-03
1109
1  1.587e-03
1110
1  1.401e-03
1112
1  1.306e-03
1114
1  9.309e-04
1116
1  9.568e-04
1117
1  9.233e-04
1122
1  8.882e-04
1123
1  7.529e-04
1124
1  5.788e-04
1125
1  6.947e-05
1126
1  2.920e-06
1174
1  2.909e-06
1175
1  2.384e-03
1179
1  2.534e-03
1180
1  2.504e-03
1181
1  2.094e-03
1184
1  1.982e-03
1186
1  2.149e-03
1187
1  2.014e-03
1188
1  1.751e-03
1193
1  1.718e-03
1197
1  1.662e-03
1198
1  1.261e-03
1199
1  8.886e-04
1200
1  1.050e-04
1201
1  2.825e-06
1249
1  2.827e-06
1250
1  1.432e-03
1259
1  1.247e-03
1260
1  1.247e-03
1263
1  1.317e-03
1265
1  1.321e-03
1267
1  1.194e-03
1268
1  1.663e-03
1269
1  1.665e-03
1272
1  1.339e-03
1273
1  1.171e-03
1274
1  9.281e-04
1275
1  1.197e-04
1276
1 -7.298e-05
1277
1  2.967e-06
1325
1  1.995e-03
1330
1  2.016e-03
1332
1  2.947e-03
1336
1  2.947e-03
1337
1  2.588e-03
1338
1  2.086e-03
1341
1  1.835e-03
1342
1  1.995e-03
1344
1  1.785e-03
1347
1  1.729e-03
1348
1  1.286e-03
1349
1  8.886e-04
1350
1  1.050e-04
1351
1  2.879e-06
1399
1  2.886e-06
1400
1  2.302e-03
1408
1  2.073e-03
1409
1  1.843e-03
1410
1  1.645e-03
1411
1  1.751e-03
1412
1  2.203e-03
1414
1  1.621e-03
1415
1  1.140e-03
1416
1  1.166e-03
1418
1  1.437e-03
1419
1  1.461e-03
1421
1  1.143e-03
1422
1  1.030e-03
1423
1  8.241e-04
1424
1  6.894e-04
1425
1  1.800e-04
1426
1  2.935e-06
1474
1  2.926e-06
1475
1  2.695e-03
1480
1  2.608e-03
1481
1  2.623e-03
1484
1  2.870e-03
1485
1  2.743e-03
1486
1  3.087e-03
1487
1  2.741e-03
1488
1  2.321e-03
1490
1  2.380e-03
1491
1  2.048e-03
1492
1  1.925e-03
1493
1  1.802e-03
1494
1  1.956e-03
1497
1  1.662e-03
1498
1  1.262e-03
1499
1  8.886e-04
1500
1  1.050e-04
1501
1  2.823e-06
1549
1  2.826e-06
1550
1  1.432e-03
1559
1  1.247e-03
1560
1  1.247e-03
1563
1  1.248e-03
1565
1  1.252e-03
1566
1  1.465e-03
1567
1  1.338e-03
1569
1  1.006e-03
1572
1  9.867e-04
1573
1  8.184e-04
1574
1  5.789e-04
1575
1  6.951e-05
1576
1  2.957e-06
1624
1  2.948e-06
1625
1  2.738e-03
1628
1  2.807e-03
1630
1  2.657e-03
1632
1  2.865e-03
1633
1  3.038e-03
1634
1  2.554e-03
1635
1  2.333e-03
1636
1  2.020e-03
1642
1  2.199e-03
1644
1  1.752e-03
1647
1  1.696e-03
1648
1  1.262e-03
1649
1  8.886e-04
1650
1  1.050e-04
1651
1  2.862e-06
1699
1  2.869e-06
1700
1  2.089e-03
1708
1  1.861e-03
1709
1  1.861e-03
1710
1  1.674e-03
1712
1  1.579e-03
1713
1  1.675e-03
1714
1  1.300e-03
1716
1  1.326e-03
1717
1  1.292e-03
1719
1  1.069e-03
1721
1  9.229e-04
1722
1  8.878e-04
1723
1  7.525e-04
1724
1  5.789e-04
1725
1  6.949e-05
1726
1  2.941e-06
1774
1  2.932e-06
1775
1  1.877e-03
1779
1  1.850e-03
1780
1  1.869e-03
1783
1  2.014e-03
1785
1  1.751e-03
1797
1  1.695e-03
1798
1  1.294e-03
1799
1  8.886e-04
1800
1  1.050e-04
1801
1  2.839e-06
1849
1  2.845e-06
1850
1  1.642e-03
1858
1  1.398e-03
1859
1  1.213e-03
1860
1  1.213e-03
1863
1  1.282e-03
1865
1  1.287e-03
1867
1  1.160e-03
1868
1  1.629e-03
1869
1  1.630e-03
1872
1  1.304e-03
1873
1  1.136e-03
1874
1  9.281e-04
1875
1  1.197e-04
1876
1 -7.298e-05
1877
1  2.967e-06
1925
1  2.336e-03
1929
1  2.336e-03
1930
1  3.363e-03
1933
1  3.430e-03
1934
1  1.919e-03
1937
1  2.086e-03
1939
1  2.245e-03
1940
1  1.995e-03
1941
1  1.785e-03
1947
1  1.729e-03
1948
1  1.286e-03
1949
1  8.886e-04
1950
1  1.050e-04
1951
1  2.850e-06
1999
1  2.856e-06
2000
1  2.302e-03
2008
1  2.073e-03
2009
1  1.843e-03
2010
1  1.645e-03
2011
1  1.751e-03
2012
1  2.203e-03
2014
1  1.621e-03
2015
1  1.140e-03
2016
1  1.166e-03
2018
1  1.437e-03
2019
1  1.461e-03
2021
1  1.143e-03
2022
1  1.030e-03
2023
1  8.241e-04
2024
1  6.894e-04
2025
1  1.800e-04
2026
1  2.905e-06
2074
1  2.896e-06
2075
1  1.844e-03
2079
1  1.818e-03
2080
1  1.836e-03
2083
1  1.981e-03
2085
1  1.718e-03
2097
1  1.662e-03
2098
1  1.262e-03
2099
1  8.886e-04
2100
1  1.050e-04
2101
1  2.806e-06
2149
1  2.809e-06
2150
1  1.432e-03
2159
1  1.247e-03
2160
1  1.247e-03
2163
1  1.248e-03
2165
1  1.252e-03
2166
1  1.465e-03
2167
1  1.338e-03
2169
1  1.006e-03
2172
1  9.867e-04
2173
1  8.184e-04
2174
1  5.789e-04
2175
1  6.949e-05
2176
1  2.940e-06
2224
1  2.933e-06
2225
1  2.786e-03
2229
1  2.714e-03
2230
1  2.746e-03
2231
1  2.692e-03
2233
1  2.908e-03
2234
1  2.184e-03
2235
1  2.030e-03
2236
1  1.847e-03
2242
1  1.752e-03
2247
1  1.696e-03
2248
1  1.262e-03
2249
1  8.886e-04
2250
1  1.050e-04
2251
1  2.872e-06
2299
1  2.879e-06
2300
1  1.850e-03
2308
1  1.621e-03
2309
1  1.621e-03
2310
1  1.434e-03
2312
1  1.340e-03
2314
1  9.647e-04
2316
1  9.906e-04
2317
1  9.571e-04
2322
1  9.220e-04
2323
1  7.867e-04
2324
1  5.789e-04
2325
1  6.952e-05
2326
1  2.965e-06
2374
1  2.956e-06
2375
1  2.220e-03
2379
1  2.185e-03
2380
1  2.153e-03
2382
1  2.361e-03
2383
1  2.506e-03
2385
1  2.023e-03
2386
1  1.892e-03
2392
1  2.166e-03
2394
1  1.719e-03
2397
1  1.663e-03
2398
1  1.262e-03
2399
1  8.886e-04
2400
1  1.050e-04
2401
1  2.851e-06
2449
1  2.854e-06
2450
1  1.672e-03
2459
1  1.486e-03
2460
1  1.486e-03
2463
1  1.372e-03
2465
1  1.377e-03
2467
1  1.250e-03
2468
1  1.447e-03
2469
1  1.358e-03
2472
1  1.032e-03
2473
1  8.641e-04
2474
1  6.563e-04
2475
1  1.470e-04
2476
1 -4.576e-05
2477
1  2.966e-06
2525
1  1.970e-03
2530
1  1.991e-03
2532
1  2.922e-03
2536
1  2.922e-03
2537
1  2.563e-03
2538
1  2.061e-03
2541
1  1.811e-03
2542
1  1.970e-03
2544
1  1.760e-03
2547
1  1.704e-03
2548
1  1.262e-03
2549
1  8.886e-04
2550
1  1.050e-04
2551
1  2.875e-06
2599
1  2.882e-06
2600
1  2.138e-03
2608
1  1.909e-03
2609
1  1.679e-03
2611
1  1.785e-03
2612
1  2.237e-03
2614
1  1.655e-03
2615
1  1.174e-03
2616
1  1.200e-03
2618
1  1.471e-03
2619
1  1.495e-03
2621
1  1.177e-03
2622
1  1.064e-03
2623
1  8.581e-04
2624
1  6.894e-04
2625
1  1.800e-04
2626
1  2.934e-06
2674
1  2.941e-06
2675
1  2.362e-03
2679
1  2.362e-03
2680
1  2.506e-03
2681
1  2.185e-03
2684
1  1.867e-03
2686
1  2.034e-03
2687
1  1.959e-03
2688
1  1.696e-03
2689
1  1.718e-03
2697
1  1.662e-03
2698
1  1.262e-03
2699
1  8.886e-04
2700
1  1.050e-04
2701
1  2.806e-06
2749
1  2.809e-06
2750
1  1.432e-03
2759
1  1.247e-03
2760
1  1.247e-03
2763
1  1.248e-03
2765
1  1.252e-03
2766
1  1.465e-03
2767
1  1.338e-03
2769
1  1.006e-03
2772
1  9.867e-04
2773
1  8.184e-04
2774
1  5.789e-04
2775
1  6.949e-05
2776
1  2.940e-06
2824
1  2.947e-06
2825
1  1.962e-03
2830
1  1.983e-03
2832
1  2.379e-03
2836
1  2.863e-03
2837
1  2.385e-03
2838
1  1.901e-03
2843
1  1.806e-03
2844
1  1.752e-03
2847
1  1.696e-03
2848
1  1.262e-03
2849
1  8.886e-04
2850
1  1.050e-04
2851
1  2.828e-06
2899
1  2.835e-06
2900
1  1.850e-03
2908
1  1.621e-03
2909
1  1.621e-03
2910
1  1.434e-03
2912
1  1.340e-03
2914
1  9.647e-04
2916
1  9.906e-04
2917
1  9.570e-04
2922
1  9.219e-04
2923
1  7.866e-04
2924
1  5.788e-04
2925
1  6.947e-05
2926
1  2.920e-06
2974
1  2.914e-06
2975
1  2.845e-03
2979
1  2.465e-03
2980
1  2.382e-03
2981
1  2.521e-03
2983
1  2.392e-03
2984
1  2.461e-03
2985
1  2.334e-03
2986
1  2.678e-03
2988
1  2.258e-03
2990
1  2.258e-03
2991
1  1.925e-03
2992
1  1.803e-03
2994
1  1.957e-03
2997
1  1.663e-03
2998
1  1.262e-03
2999
1  8.886e-04
3000
1  1.050e-04
3001
1  2.861e-06
3049
1  2.864e-06
3050
1  1.432e-03
3059
1  1.247e-03
3060
1  1.247e-03
3063
1  1.316e-03
3065
1  1.320e-03
3067
1  1.194e-03
3068
1  1.636e-03
3069
1  1.638e-03
3072
1  1.458e-03
3073
1  1.190e-03
3074
1  9.484e-04
3075
1  5.058e-04
3076
1  3.131e-04
3077
1  3.289e-04
3078
1 -1.429e-05
3081
1  3.024e-06
3124
1  3.019e-06
3125
1  2.541e-03
3129
1  2.541e-03
3130
1  2.347e-03
3133
1  2.660e-03
3134
1  2.176e-03
3136
1  1.902e-03
3139
1  2.068e-03
3142
1  1.817e-03
3147
1  1.762e-03
3148
1  1.319e-03
3149
1  9.132e-04
3150
1  1.051e-04
3151
1  2.890e-06
3199
1  2.897e-06
3200
1  2.311e-03
3208
1  1.839e-03
3209
1  1.407e-03
3210
1  1.407e-03
3211
1  1.513e-03
3212
1  1.965e-03
3214
1  1.590e-03
3215
1  1.206e-03
3216
1  1.231e-03
3219
1  1.365e-03
3220
1  1.242e-03
3222
1  1.046e-03
3223
1  8.409e-04
3224
1  6.597e-04
3225
1  1.843e-04
3226
1  2.939e-06
3274
1  2.930e-06
3275
1  1.900e-03
3279
1  1.874e-03
3280
1  1.893e-03
3283
1  2.038e-03
3285
1  1.775e-03
3297
1  1.719e-03
3298
1  1.318e-03
3299
1  9.205e-04
3300
1  1.050e-04
3301
1  2.840e-06
3349
1  2.847e-06
3350
1  1.811e-03
3358
1  1.563e-03
3359
1  1.378e-03
3360
1  1.179e-03
3363
1  1.180e-03
3365
1  1.184e-03
3366
1  1.397e-03
3367
1  1.270e-03
3369
1  9.378e-04
3372
1  9.187e-04
3373
1  7.504e-04
3374
1  5.449e-04
3375
1  6.951e-05
3376
1  2.957e-06
3424
1  2.946e-06
3425
1  2.326e-03
3429
1  2.476e-03
3430
1  2.562e-03
3431
1  2.341e-03
3433
1  2.407e-03
3434
1  2.030e-03
3437
1  1.847e-03
3443
1  1.752e-03
3447
1  1.696e-03
3448
1  1.262e-03
3449
1  8.886e-04
3450
1  1.050e-04
3451
1  2.872e-06
3499
1  2.879e-06
3500
1  1.850e-03
3508
1  1.621e-03
3509
1  1.621e-03
3510
1  1.434e-03
3512
1  1.340e-03
3514
1  9.647e-04
3516
1  9.906e-04
3517
1  9.571e-04
3522
1  9.220e-04
3523
1  7.867e-04
3524
1  5.789e-04
3525
1  6.952e-05
3526
1  2.964e-06
3574
1  2.955e-06
3575
1  1.845e-03
3579
1  1.819e-03
3580
1  1.837e-03
3583
1  1.982e-03
3585
1  1.719e-03
3597
1  1.663e-03
3598
1  1.262e-03
3599
1  8.886e-04
3600
1  1.050e-04
3601
1  2.861e-06
3649
1  2.864e-06
3650
1  1.432e-03
3659
1  1.247e-03
3660
1  1.247e-03
3663
1  1.316e-03
3665
1  1.320e-03
3667
1  1.194e-03
3668
1  1.636e-03
3669
1  1.638e-03
3672
1  1.458e-03
3673
1  1.190e-03
3674
1  9.484e-04
3675
1  5.058e-04
3676
1  3.131e-04
3677
1  3.289e-04
3678
1 -1.429e-05
3681
1  3.024e-06
3724
1  3.031e-06
3725
1  2.665e-03
3729
1  3.216e-03
3730
1  3.247e-03
3731
1  3.072e-03
3732
1  3.066e-03
3733
1  2.965e-03
3734
1  2.728e-03
3735
1  2.628e-03
3737
1  2.354e-03
3738
1  2.196e-03
3740
1  2.637e-03
3742
1  2.068e-03
3743
1  1.817e-03
3747
1  1.762e-03
3748
1  1.319e-03
3749
1  9.132e-04
3750
1  1.051e-04
3751
1  2.899e-06
3799
1  3.671e-05
3800
1  8.217e-04
3801
1  0.000e+00
; file closed at 4ns
; trailer 819505344
