;! output_format 5.3
; header 116301231979
; 
;                                   PrimePower 
; 
;                  Version Q-2019.12 for linux64 - Nov 20, 2019 
; 
;                     Copyright (c) 1988 - 2019 Synopsys, Inc.
;    This software and the associated documentation are proprietary to Synopsys,
;  Inc. This software may only be used in accordance with the terms and conditions
;  of a written license agreement with Synopsys, Inc. All other use, reproduction,
;             or distribution of this software is strictly prohibited.
;

;
.time_resolution 0.001
.hier_separator /
.index Pc(adder) 1 Pc
.index Pc(adder/add_28) 2 Pc
.index Pc(adder/U0) 3 Pc
.index Pc(adder/U0/add_12) 4 Pc
0
3  1.199e-06
4  1.199e-06
2  3.784e-07
1  2.675e-06
100
1  5.121e-04
123
1 -2.432e-05
175
1  2.811e-06
200
1  1.319e-03
209
1  1.116e-03
210
1  1.116e-03
222
1  1.080e-03
223
1  6.449e-04
224
1  1.077e-04
225
1  2.919e-06
275
1  1.857e-03
3  8.797e-05
4  8.797e-05
279
1  2.130e-03
3  3.611e-04
4  3.611e-04
281
3 -8.989e-06
4 -8.989e-06
1  1.999e-03
282
1  1.999e-03
3 -8.987e-06
4 -8.987e-06
283
3  1.203e-06
4  1.203e-06
1  1.770e-03
297
1  1.714e-03
298
1  9.865e-04
299
1  1.629e-04
300
1  2.821e-06
350
1  1.340e-03
362
1  1.304e-03
2  1.889e-04
364
2  6.591e-05
1  1.326e-03
366
1  1.181e-03
368
2  3.799e-07
1  1.092e-03
370
1  1.115e-03
372
1  1.079e-03
373
1  6.449e-04
374
1  1.077e-04
375
1  2.950e-06
425
1  2.446e-03
3  6.172e-04
4  6.172e-04
429
1  2.213e-03
3  3.844e-04
4  3.844e-04
430
1  2.656e-03
3  4.369e-04
4  4.369e-04
432
1  2.622e-03
3  4.026e-04
4  4.026e-04
433
3  3.652e-04
4  3.652e-04
1  2.194e-03
436
1  2.259e-03
3  4.300e-04
4  4.300e-04
439
3  1.212e-06
4  1.212e-06
1  1.961e-03
443
1  1.830e-03
447
1  1.774e-03
448
1  9.865e-04
449
1  1.630e-04
450
1  2.863e-06
500
1  1.930e-03
508
1  1.680e-03
510
2  3.471e-04
1  1.353e-03
513
2  3.820e-07
1  9.772e-04
515
1  1.006e-03
522
1  9.699e-04
523
1  6.090e-04
524
1  1.077e-04
525
1  2.952e-06
575
1  1.870e-03
3  7.429e-05
4  7.429e-05
579
1  2.143e-03
3  3.474e-04
4  3.474e-04
581
3 -2.267e-05
4 -2.267e-05
1  2.012e-03
582
1  2.025e-03
3 -8.967e-06
4 -8.967e-06
583
3  1.223e-06
4  1.223e-06
1  1.797e-03
597
1  1.741e-03
598
1  9.870e-04
599
1  1.630e-04
600
1  2.859e-06
650
1  1.506e-03
659
1  1.303e-03
662
1  1.420e-03
2  3.418e-04
664
2  2.189e-04
1  1.442e-03
666
1  1.297e-03
669
1  1.218e-03
2  1.401e-04
672
2  5.513e-05
1  1.227e-03
673
1  8.299e-04
674
2  3.832e-07
1  8.286e-05
675
1 -2.191e-05
677
1  2.997e-06
725
1  2.834e-03
3  9.708e-04
4  9.708e-04
729
1  2.796e-03
3  9.331e-04
4  9.331e-04
730
1  3.205e-03
3  9.509e-04
4  9.509e-04
732
1  2.937e-03
3  6.832e-04
4  6.832e-04
733
3  6.458e-04
4  6.458e-04
1  2.509e-03
734
1  2.438e-03
3  5.742e-04
4  5.742e-04
735
1  2.259e-03
3  2.931e-04
4  2.931e-04
736
1  2.052e-03
3  8.608e-05
4  8.608e-05
740
3  1.225e-06
4  1.225e-06
1  2.210e-03
741
1  2.107e-03
743
1  1.865e-03
747
1  1.808e-03
748
1  9.871e-04
749
1  1.630e-04
750
1  2.906e-06
800
1  2.347e-03
808
1  1.853e-03
810
1  1.525e-03
2  5.918e-04
813
2  2.452e-04
1  1.150e-03
815
1  9.334e-04
2  3.820e-07
822
1  8.974e-04
823
1  5.736e-04
824
1  1.077e-04
825
1  2.964e-06
875
1  2.261e-03
3  4.648e-04
4  4.648e-04
878
1  2.501e-03
3  7.056e-04
4  7.056e-04
880
3  2.763e-04
4  2.763e-04
1  2.311e-03
882
1  2.606e-03
3  8.102e-04
4  8.102e-04
883
1  2.617e-03
3  8.213e-04
4  8.213e-04
885
1  1.962e-03
3  1.661e-04
4  1.661e-04
887
1  2.017e-03
3 -1.168e-06
4 -1.168e-06
889
1  2.020e-03
3  1.205e-06
4  1.205e-06
892
1  1.797e-03
897
1  1.741e-03
898
1  9.870e-04
899
1  1.630e-04
900
1  2.849e-06
950
1  1.726e-03
959
2  2.023e-04
1  1.470e-03
962
1  1.433e-03
2  3.908e-04
964
2  6.591e-05
1  1.395e-03
966
1  1.250e-03
967
2  3.799e-07
1  1.020e-03
970
1  1.043e-03
972
1  1.007e-03
973
1  6.095e-04
974
1  1.077e-04
975
1  2.968e-06
1025
1  2.053e-03
3  1.900e-04
4  1.900e-04
1029
1  2.469e-03
3  6.066e-04
4  6.066e-04
1032
3  1.321e-04
4  1.321e-04
1  2.126e-03
1033
1  2.137e-03
3  1.434e-04
4  1.434e-04
1035
3  1.216e-06
4  1.216e-06
1  2.385e-03
1036
1  2.255e-03
1037
1  1.864e-03
1047
1  1.808e-03
1048
1  9.865e-04
1049
1  1.630e-04
1050
1  2.880e-06
1100
1  2.125e-03
1108
1  2.125e-03
1109
1  1.643e-03
1110
1  1.445e-03
1111
1  1.316e-03
2  3.471e-04
1113
2  3.820e-07
1  9.401e-04
1115
1  9.688e-04
1122
1  9.328e-04
1123
1  6.090e-04
1124
1  1.077e-04
1125
1  2.956e-06
1175
1  2.483e-03
3  6.869e-04
4  6.869e-04
1179
1  2.250e-03
3  4.541e-04
4  4.541e-04
1180
1  2.266e-03
3  4.698e-04
4  4.698e-04
1181
1  2.445e-03
3  6.489e-04
4  6.489e-04
1182
1  2.821e-03
3  7.824e-04
4  7.824e-04
1183
1  2.774e-03
3  7.353e-04
4  7.353e-04
1184
3  3.652e-04
4  3.652e-04
1  2.642e-03
1185
1  2.400e-03
1186
1  2.226e-03
3  4.300e-04
4  4.300e-04
1189
3  1.224e-06
4  1.224e-06
1  1.925e-03
1193
1  1.797e-03
1197
1  1.741e-03
1198
1  9.870e-04
1199
1  1.630e-04
1200
1  2.860e-06
1250
1  1.506e-03
1259
1  1.506e-03
1260
1  1.303e-03
1262
1  1.420e-03
2  3.418e-04
1264
2  2.189e-04
1  1.442e-03
1266
1  1.297e-03
1269
1  1.218e-03
2  1.401e-04
1272
2  5.513e-05
1  1.227e-03
1273
1  8.299e-04
1274
1  1.625e-04
1275
2  3.832e-07
1 -2.190e-05
1277
1  2.998e-06
1325
1  2.156e-03
3  2.924e-04
4  2.924e-04
1329
1  2.841e-03
3  9.773e-04
4  9.773e-04
1333
1  2.650e-03
3  7.867e-04
4  7.867e-04
1335
3  4.046e-04
4  4.046e-04
1  2.901e-03
1336
1  2.875e-03
3  3.784e-04
4  3.784e-04
1337
1  2.484e-03
1338
1  2.242e-03
1340
3  3.416e-05
4  3.416e-05
1  2.000e-03
1344
1  1.967e-03
3  1.251e-06
4  1.251e-06
1345
1  1.865e-03
1347
1  1.808e-03
1348
1  9.871e-04
1349
1  1.630e-04
1350
1  2.933e-06
1400
1  2.347e-03
1408
1  2.347e-03
1409
1  1.853e-03
1410
1  1.656e-03
2  2.452e-04
1411
1  1.525e-03
2  5.918e-04
1413
2  2.452e-04
1  1.150e-03
1415
1  9.335e-04
2  3.820e-07
1422
1  8.975e-04
1423
1  5.736e-04
1424
1  1.078e-04
1425
1  2.991e-06
1475
1  3.193e-03
3  1.397e-03
4  1.397e-03
1478
1  3.079e-03
3  1.283e-03
4  1.283e-03
1479
1  3.049e-03
3  1.253e-03
4  1.253e-03
1480
1  3.136e-03
3  1.340e-03
4  1.340e-03
1481
1  3.342e-03
3  1.547e-03
4  1.547e-03
1482
1  3.583e-03
3  1.787e-03
4  1.787e-03
1483
1  2.806e-03
3  1.011e-03
4  1.011e-03
1484
3  5.639e-04
4  5.639e-04
1  2.729e-03
1485
1  2.459e-03
3  2.939e-04
4  2.939e-04
1486
3  2.202e-04
4  2.202e-04
1  2.147e-03
1487
1  2.013e-03
3  8.678e-05
4  8.678e-05
1488
1  1.883e-03
1490
3  1.915e-06
4  1.915e-06
1  2.040e-03
1493
1  1.798e-03
1494
1  1.797e-03
3  1.231e-06
4  1.231e-06
1497
1  1.741e-03
1498
1  9.870e-04
1499
1  1.630e-04
1500
1  2.867e-06
1550
1  1.506e-03
1559
1  1.506e-03
1560
1  1.303e-03
1562
1  1.267e-03
2  1.889e-04
1564
2  6.592e-05
1  1.289e-03
1566
1  1.144e-03
1568
2  3.836e-07
1  1.055e-03
1570
1  1.078e-03
1572
1  1.042e-03
1573
1  6.446e-04
1574
1  1.078e-04
1575
1  2.997e-06
1625
1  2.683e-03
3  8.531e-04
4  8.531e-04
1629
1  2.572e-03
3  7.420e-04
4  7.420e-04
1630
1  2.520e-03
3  6.897e-04
4  6.897e-04
1631
3  5.475e-04
4  5.475e-04
1  2.768e-03
1632
1  3.432e-03
3  1.211e-03
4  1.211e-03
1633
3  1.185e-03
4  1.185e-03
1  3.015e-03
1635
1  2.360e-03
3  5.301e-04
4  5.301e-04
1637
1  2.361e-03
3  5.312e-04
4  5.312e-04
1638
3  4.276e-04
4  4.276e-04
1  2.480e-03
1639
1  2.483e-03
3  4.300e-04
4  4.300e-04
1640
3  1.212e-06
4  1.212e-06
1  2.185e-03
1642
1  1.962e-03
1644
1  1.831e-03
1647
1  1.775e-03
1648
1  9.871e-04
1649
1  1.630e-04
1650
1  2.886e-06
1700
1  2.149e-03
1708
1  2.149e-03
1709
1  1.900e-03
1710
1  1.648e-03
2  2.023e-04
1711
1  1.519e-03
2  5.490e-04
1713
2  2.024e-04
1  1.143e-03
1715
2  3.820e-07
1  1.111e-03
1717
1  9.702e-04
1722
1  9.342e-04
1723
1  5.736e-04
1724
1  1.077e-04
1725
1  2.969e-06
1775
1  1.904e-03
3  7.429e-05
4  7.429e-05
1779
1  2.177e-03
3  3.474e-04
4  3.474e-04
1781
3 -2.267e-05
4 -2.267e-05
1  2.046e-03
1782
1  2.059e-03
3 -8.967e-06
4 -8.967e-06
1783
3  1.223e-06
4  1.223e-06
1  1.831e-03
1797
1  1.774e-03
1798
1  9.871e-04
1799
1  1.630e-04
1800
1  2.873e-06
1850
1  1.701e-03
1858
1  1.469e-03
1859
1  1.469e-03
1860
1  1.266e-03
1862
1  1.382e-03
2  3.418e-04
1864
2  2.189e-04
1  1.405e-03
1866
1  1.260e-03
1869
1  1.181e-03
2  1.401e-04
1872
2  5.513e-05
1  1.190e-03
1873
1  8.299e-04
1874
1  1.625e-04
1875
2  3.832e-07
1 -2.191e-05
1877
1  2.998e-06
1925
1  2.422e-03
3  5.583e-04
4  5.583e-04
1929
1  2.793e-03
3  9.298e-04
4  9.298e-04
1930
1  2.793e-03
3  9.292e-04
4  9.292e-04
1931
3  7.870e-04
4  7.870e-04
1  3.041e-03
1932
1  2.950e-03
3  6.963e-04
4  6.963e-04
1933
3  6.589e-04
4  6.589e-04
1  2.522e-03
1936
1  2.327e-03
3  4.633e-04
4  4.633e-04
1939
3  3.784e-04
4  3.784e-04
1  2.484e-03
1940
3  3.412e-05
4  3.412e-05
1  2.243e-03
1942
1  2.000e-03
1944
1  1.967e-03
3  1.214e-06
4  1.214e-06
1945
1  1.865e-03
1947
1  1.808e-03
1948
1  9.871e-04
1949
1  1.630e-04
1950
1  2.895e-06
2000
1  2.347e-03
2008
1  2.347e-03
2009
1  1.853e-03
2010
1  1.656e-03
2  2.452e-04
2011
1  1.525e-03
2  5.918e-04
2013
2  2.452e-04
1  1.150e-03
2015
1  9.334e-04
2  3.820e-07
2022
1  8.974e-04
2023
1  5.736e-04
2024
1  1.077e-04
2025
1  2.953e-06
2075
1  1.870e-03
3  7.429e-05
4  7.429e-05
2079
1  2.143e-03
3  3.474e-04
4  3.474e-04
2081
3 -2.267e-05
4 -2.267e-05
1  2.012e-03
2082
1  2.025e-03
3 -8.966e-06
4 -8.966e-06
2083
3  1.224e-06
4  1.224e-06
1  1.797e-03
2097
1  1.741e-03
2098
1  9.870e-04
2099
1  1.630e-04
2100
1  2.861e-06
2150
1  1.506e-03
2159
1  1.506e-03
2160
1  1.303e-03
2162
1  1.267e-03
2  1.889e-04
2164
2  6.592e-05
1  1.289e-03
2166
1  1.144e-03
2168
2  3.836e-07
1  1.055e-03
2170
1  1.078e-03
2172
1  1.042e-03
2173
1  6.446e-04
2174
1  1.078e-04
2175
1  2.990e-06
2225
1  2.885e-03
3  1.055e-03
4  1.055e-03
2228
1  2.901e-03
3  1.071e-03
4  1.071e-03
2229
1  2.735e-03
3  9.048e-04
4  9.048e-04
2230
1  3.009e-03
3  1.179e-03
4  1.179e-03
2231
3  1.036e-03
4  1.036e-03
1  3.257e-03
2232
1  3.218e-03
3  9.976e-04
4  9.976e-04
2233
1  2.453e-03
3  6.228e-04
4  6.228e-04
2235
1  2.586e-03
3  7.563e-04
4  7.563e-04
2236
1  2.261e-03
3  4.307e-04
4  4.307e-04
2238
3  1.923e-06
4  1.923e-06
1  1.963e-03
2242
1  1.832e-03
2245
1  1.831e-03
3  1.239e-06
4  1.239e-06
2247
1  1.775e-03
2248
1  9.871e-04
2249
1  1.630e-04
2250
1  2.904e-06
2300
1  1.929e-03
2308
1  1.929e-03
2309
1  1.679e-03
2310
1  1.481e-03
2311
1  1.352e-03
2  3.471e-04
2313
2  3.856e-07
1  9.766e-04
2315
1  1.005e-03
2322
1  9.693e-04
2323
1  6.087e-04
2324
1  1.078e-04
2325
1  2.997e-06
2375
1  2.252e-03
3  4.550e-04
4  4.550e-04
2378
1  2.493e-03
3  6.958e-04
4  6.958e-04
2380
3  2.665e-04
4  2.665e-04
1  2.302e-03
2382
1  2.607e-03
3  8.102e-04
4  8.102e-04
2383
1  2.618e-03
3  8.213e-04
4  8.213e-04
2385
1  1.963e-03
3  1.661e-04
4  1.661e-04
2387
1  1.899e-03
3  1.024e-04
4  1.024e-04
2388
3 -1.149e-06
4 -1.149e-06
1  2.018e-03
2389
1  2.021e-03
3  1.224e-06
4  1.224e-06
2392
1  1.798e-03
2397
1  1.742e-03
2398
1  9.876e-04
2399
1  1.630e-04
2400
1  2.883e-06
2450
1  1.726e-03
2459
1  1.726e-03
2460
1  1.469e-03
2  2.024e-04
2462
1  1.586e-03
2  5.438e-04
2464
2  4.209e-04
1  1.608e-03
2465
2  2.189e-04
1  1.548e-03
2466
1  1.402e-03
2467
1  1.261e-03
2469
1  1.182e-03
2  1.401e-04
2472
2  5.513e-05
1  1.192e-03
2473
1  7.946e-04
2474
1  1.625e-04
2475
2  3.832e-07
1 -2.172e-05
2477
1  2.998e-06
2525
1  2.130e-03
3  2.924e-04
4  2.924e-04
2529
1  2.815e-03
3  9.773e-04
4  9.773e-04
2533
1  2.625e-03
3  7.867e-04
4  7.867e-04
2535
3  4.046e-04
4  4.046e-04
1  2.875e-03
2536
1  2.849e-03
3  3.784e-04
4  3.784e-04
2537
1  2.459e-03
2538
1  2.216e-03
2540
3  3.416e-05
4  3.416e-05
1  1.975e-03
2544
1  1.942e-03
3  1.252e-06
4  1.252e-06
2545
1  1.839e-03
2547
1  1.783e-03
2548
1  9.871e-04
2549
1  1.630e-04
2550
1  2.929e-06
2600
1  2.195e-03
2608
1  2.195e-03
2609
1  1.701e-03
2610
1  1.693e-03
2  2.452e-04
2611
1  1.562e-03
2  5.918e-04
2613
2  2.452e-04
1  1.186e-03
2615
1  9.702e-04
2  3.820e-07
2622
1  9.342e-04
2623
1  5.736e-04
2624
1  1.078e-04
2625
1  2.991e-06
2675
1  2.780e-03
3  9.843e-04
4  9.843e-04
2678
1  2.378e-03
3  5.821e-04
4  5.821e-04
2679
1  2.455e-03
3  6.589e-04
4  6.589e-04
2680
1  2.454e-03
3  6.583e-04
4  6.583e-04
2682
1  2.643e-03
3  8.472e-04
4  8.472e-04
2683
1  2.394e-03
3  5.980e-04
4  5.980e-04
2684
3  2.279e-04
4  2.279e-04
1  2.393e-03
2686
1  2.013e-03
3  8.609e-05
4  8.609e-05
2688
1  1.882e-03
2689
3  1.225e-06
4  1.225e-06
1  2.039e-03
2692
1  1.797e-03
2697
1  1.741e-03
2698
1  9.870e-04
2699
1  1.630e-04
2700
1  2.862e-06
2750
1  1.506e-03
2759
1  1.506e-03
2760
1  1.303e-03
2762
1  1.267e-03
2  1.889e-04
2764
2  6.592e-05
1  1.289e-03
2766
1  1.144e-03
2768
2  3.836e-07
1  1.055e-03
2770
1  1.078e-03
2772
1  1.042e-03
2773
1  6.446e-04
2774
1  1.078e-04
2775
1  2.991e-06
2825
1  2.122e-03
3  2.924e-04
4  2.924e-04
2829
1  2.504e-03
3  6.738e-04
4  6.738e-04
2832
3  3.889e-04
4  3.889e-04
1  2.350e-03
2833
1  2.159e-03
3  1.983e-04
4  1.983e-04
2835
3  1.238e-06
4  1.238e-06
1  2.353e-03
2836
1  2.222e-03
2837
1  1.831e-03
2847
1  1.775e-03
2848
1  9.871e-04
2849
1  1.630e-04
2850
1  2.904e-06
2900
1  1.929e-03
2908
1  1.929e-03
2909
1  1.679e-03
2910
1  1.481e-03
2911
1  1.352e-03
2  3.471e-04
2913
2  3.856e-07
1  9.766e-04
2915
1  1.005e-03
2922
1  9.693e-04
2923
1  6.087e-04
2924
1  1.078e-04
2925
1  2.997e-06
2975
1  3.278e-03
3  1.481e-03
4  1.481e-03
2978
1  2.885e-03
3  1.088e-03
4  1.088e-03
2979
1  2.738e-03
3  9.411e-04
4  9.411e-04
2980
1  3.012e-03
3  1.215e-03
4  1.215e-03
2982
1  3.453e-03
3  1.413e-03
4  1.413e-03
2983
1  3.068e-03
3  1.029e-03
4  1.029e-03
2984
3  6.589e-04
4  6.589e-04
1  2.937e-03
2985
1  2.540e-03
3  5.045e-04
4  5.045e-04
2986
3  4.307e-04
4  4.307e-04
1  2.228e-03
2988
3  1.934e-06
4  1.934e-06
1  1.927e-03
2992
1  1.799e-03
2994
1  1.798e-03
3  1.250e-06
4  1.250e-06
2997
1  1.742e-03
2998
1  9.876e-04
2999
1  1.630e-04
3000
1  2.901e-06
3050
1  1.506e-03
3059
1  1.506e-03
3060
1  1.303e-03
3062
1  1.419e-03
2  3.418e-04
3064
2  2.189e-04
1  1.442e-03
3066
1  1.296e-03
3069
1  1.401e-03
2  3.240e-04
3072
2  2.390e-04
1  1.411e-03
3073
1  1.014e-03
3074
1  3.464e-04
3075
1  1.373e-04
2  1.346e-04
3079
2  5.507e-05
1  1.990e-04
3081
2  3.865e-07
1 -2.185e-05
3083
1  3.053e-06
3124
1  3.047e-06
3  1.244e-06
4  1.244e-06
3125
1  2.575e-03
3  6.770e-04
4  6.770e-04
3129
1  2.463e-03
3  5.659e-04
4  5.659e-04
3130
1  2.435e-03
3  5.376e-04
4  5.376e-04
3131
1  2.847e-03
3  5.591e-04
4  5.591e-04
3132
1  2.801e-03
3  5.126e-04
4  5.126e-04
3133
1  2.189e-03
3  2.911e-04
4  2.911e-04
3134
1  2.117e-03
3  2.195e-04
4  2.195e-04
3137
1  1.984e-03
3  8.608e-05
4  8.608e-05
3140
3  1.225e-06
4  1.225e-06
1  2.141e-03
3143
1  1.899e-03
3147
1  1.843e-03
3148
1  9.876e-04
3149
1  1.630e-04
3150
1  2.920e-06
3200
1  2.366e-03
3208
1  2.134e-03
3209
1  1.451e-03
3210
1  1.443e-03
2  2.452e-04
3211
1  1.523e-03
2  5.918e-04
3213
2  2.452e-04
1  1.148e-03
3215
1  1.299e-03
2  3.678e-04
3219
1  1.299e-03
2  3.678e-04
3220
1  1.259e-03
2  3.282e-04
3222
1  1.223e-03
3223
2  1.993e-04
1  7.827e-04
3224
1  2.817e-04
3225
1  2.019e-04
3226
2  3.820e-07
1  1.442e-04
3228
1  2.982e-06
3274
1  2.979e-06
3  1.222e-06
4  1.222e-06
3275
3  8.800e-05
4  8.800e-05
1  1.943e-03
3279
1  2.216e-03
3  3.611e-04
4  3.611e-04
3281
3 -8.963e-06
4 -8.963e-06
1  2.085e-03
3282
1  2.085e-03
3 -8.961e-06
4 -8.961e-06
3283
3  1.229e-06
4  1.229e-06
1  1.856e-03
3297
1  1.800e-03
3298
1  9.871e-04
3299
1  1.630e-04
3300
1  2.883e-06
3350
1  1.854e-03
3358
1  1.621e-03
3359
1  1.621e-03
3360
1  1.229e-03
3362
1  1.193e-03
2  1.889e-04
3364
2  6.592e-05
1  1.215e-03
3366
1  1.070e-03
3368
2  3.836e-07
1  9.814e-04
3370
1  1.004e-03
3372
1  9.683e-04
3373
1  6.446e-04
3374
1  1.078e-04
3375
1  2.995e-06
3425
1  2.447e-03
3  6.173e-04
4  6.173e-04
3429
1  2.214e-03
3  3.844e-04
4  3.844e-04
3430
1  2.230e-03
3  4.001e-04
4  4.001e-04
3431
1  2.658e-03
3  4.369e-04
4  4.369e-04
3432
1  2.623e-03
3  4.027e-04
4  4.027e-04
3433
3  3.652e-04
4  3.652e-04
1  2.195e-03
3436
1  2.260e-03
3  4.300e-04
4  4.300e-04
3439
3  1.238e-06
4  1.238e-06
1  1.962e-03
3443
1  1.831e-03
3447
1  1.775e-03
3448
1  9.871e-04
3449
1  1.630e-04
3450
1  2.904e-06
3500
1  1.929e-03
3508
1  1.929e-03
3509
1  1.679e-03
3510
1  1.481e-03
3511
1  1.352e-03
2  3.471e-04
3513
2  3.856e-07
1  9.766e-04
3515
1  1.005e-03
3522
1  9.693e-04
3523
1  6.087e-04
3524
1  1.078e-04
3525
1  2.997e-06
3575
1  1.871e-03
3  7.432e-05
4  7.432e-05
3579
1  2.144e-03
3  3.475e-04
4  3.475e-04
3581
3 -2.264e-05
4 -2.264e-05
1  2.013e-03
3582
1  2.027e-03
3 -8.941e-06
4 -8.941e-06
3583
3  1.249e-06
4  1.249e-06
1  1.798e-03
3597
1  1.742e-03
3598
1  9.876e-04
3599
1  1.630e-04
3600
1  2.900e-06
3650
1  1.506e-03
3659
1  1.506e-03
3660
1  1.303e-03
3662
1  1.419e-03
2  3.418e-04
3664
2  2.189e-04
1  1.442e-03
3666
1  1.296e-03
3669
1  1.401e-03
2  3.240e-04
3672
2  2.390e-04
1  1.411e-03
3673
1  1.014e-03
3674
1  3.464e-04
3675
1  1.373e-04
2  1.346e-04
3679
2  5.507e-05
1  1.990e-04
3681
2  3.865e-07
1 -2.185e-05
3683
1  3.052e-06
3724
1  3.055e-06
3  1.252e-06
4  1.252e-06
3725
1  2.827e-03
3  9.295e-04
4  9.295e-04
3729
1  2.661e-03
3  7.635e-04
4  7.635e-04
3730
1  3.496e-03
3  1.598e-03
4  1.598e-03
3731
1  3.945e-03
3  1.657e-03
4  1.657e-03
3732
1  3.907e-03
3  1.618e-03
4  1.618e-03
3733
1  3.288e-03
3  1.391e-03
4  1.391e-03
3734
1  2.369e-03
3  4.713e-04
4  4.713e-04
3737
1  2.354e-03
3  2.343e-04
4  2.343e-04
3739
3  8.607e-05
4  8.607e-05
1  2.342e-03
3740
3  1.212e-06
4  1.212e-06
1  2.500e-03
3741
1  2.277e-03
3743
1  1.899e-03
3747
1  1.843e-03
3748
1  9.876e-04
3749
1  1.630e-04
3750
1  2.924e-06
3800
1  8.604e-04
3801
3  0.000e+00
4  0.000e+00
2  0.000e+00
1  0.000e+00
; file closed at 4ns
; trailer 819505344
