;! output_format 5.3
; header 116311143033
; 
;                                   PrimePower 
; 
;                  Version Q-2019.12 for linux64 - Nov 20, 2019 
; 
;                     Copyright (c) 1988 - 2019 Synopsys, Inc.
;    This software and the associated documentation are proprietary to Synopsys,
;  Inc. This software may only be used in accordance with the terms and conditions
;  of a written license agreement with Synopsys, Inc. All other use, reproduction,
;             or distribution of this software is strictly prohibited.
;

;
.time_resolution 0.001
.hier_separator /
.index Pc(adder) 1 Pc
0
1  2.351e-06
100
1  4.941e-04
135
1 -2.357e-05
199
1  2.281e-06
200
1  1.197e-03
216
1  1.223e-03
236
1  1.194e-03
237
1  9.926e-04
238
1  8.187e-04
239
1  6.420e-04
240
1  1.037e-04
241
1  2.723e-06
275
1  1.805e-03
311
1  1.764e-03
312
1  1.462e-03
313
1  1.203e-03
314
1  9.434e-04
315
1  1.488e-04
316
1  2.569e-06
350
1  1.434e-03
362
1  1.332e-03
366
1  1.303e-03
370
1  1.167e-03
371
1  1.197e-03
386
1  1.169e-03
387
1  9.671e-04
388
1  7.931e-04
389
1  6.165e-04
390
1  1.037e-04
391
1  2.750e-06
425
1  1.848e-03
461
1  1.789e-03
462
1  1.472e-03
463
1  1.212e-03
464
1  9.529e-04
465
1  1.489e-04
466
1  2.603e-06
500
1  1.873e-03
509
1  1.665e-03
511
1  1.709e-03
514
1  1.636e-03
516
1  1.733e-03
517
1  1.596e-03
519
1  1.388e-03
520
1  1.195e-03
522
1  1.410e-03
529
1  1.113e-03
531
1  1.141e-03
537
1  9.671e-04
538
1  7.931e-04
539
1  6.165e-04
540
1  1.037e-04
541
1  2.785e-06
575
1  1.843e-03
611
1  1.780e-03
612
1  1.478e-03
613
1  1.219e-03
614
1  9.591e-04
615
1  1.489e-04
616
1  2.626e-06
650
1  1.845e-03
658
1  1.592e-03
660
1  1.380e-03
662
1  1.277e-03
666
1  1.249e-03
670
1  1.112e-03
671
1  1.143e-03
687
1  9.414e-04
688
1  7.674e-04
689
1  5.907e-04
690
1  1.037e-04
691
1  2.788e-06
725
1  1.872e-03
761
1  1.814e-03
762
1  1.486e-03
763
1  1.227e-03
764
1  9.674e-04
765
1  1.489e-04
766
1  2.644e-06
800
1  2.124e-03
809
1  1.916e-03
811
1  2.144e-03
814
1  2.287e-03
815
1  2.317e-03
816
1  2.303e-03
819
1  2.074e-03
820
1  1.881e-03
821
1  1.736e-03
823
1  1.301e-03
827
1  1.262e-03
829
1  1.115e-03
837
1  9.415e-04
838
1  7.676e-04
839
1  5.909e-04
840
1  1.037e-04
841
1  2.785e-06
875
1  1.888e-03
911
1  1.825e-03
912
1  1.507e-03
913
1  1.248e-03
914
1  9.885e-04
915
1  1.642e-04
916
1  2.631e-06
950
1  2.323e-03
958
1  1.813e-03
959
1  1.604e-03
961
1  1.672e-03
964
1  1.384e-03
966
1  1.562e-03
967
1  1.581e-03
970
1  1.123e-03
971
1  1.167e-03
973
1  1.172e-03
976
1  1.090e-03
987
1  9.163e-04
988
1  7.423e-04
989
1  5.657e-04
990
1  7.848e-05
991
1  2.756e-06
1025
1  1.843e-03
1061
1  1.784e-03
1062
1  1.482e-03
1063
1  1.223e-03
1064
1  9.630e-04
1065
1  1.684e-04
1066
1  2.597e-06
1100
1  1.843e-03
1108
1  1.589e-03
1109
1  1.381e-03
1110
1  1.381e-03
1112
1  1.297e-03
1116
1  1.853e-03
1120
1  1.697e-03
1121
1  1.133e-03
1125
1  1.105e-03
1126
1  1.057e-03
1127
1  1.116e-03
1128
1  1.143e-03
1137
1  9.418e-04
1138
1  7.679e-04
1139
1  5.912e-04
1140
1  7.848e-05
1141
1  2.764e-06
1175
1  1.868e-03
1211
1  1.805e-03
1212
1  1.487e-03
1213
1  1.228e-03
1214
1  9.686e-04
1215
1  1.489e-04
1216
1  2.611e-06
1250
1  2.104e-03
1258
1  1.851e-03
1259
1  1.851e-03
1260
1  1.639e-03
1261
1  1.905e-03
1262
1  1.852e-03
1264
1  1.739e-03
1267
1  1.758e-03
1268
1  1.223e-03
1269
1  1.253e-03
1272
1  1.115e-03
1287
1  9.413e-04
1288
1  7.674e-04
1289
1  5.907e-04
1290
1  1.037e-04
1291
1  2.770e-06
1325
1  1.824e-03
1361
1  1.765e-03
1362
1  1.463e-03
1363
1  1.203e-03
1364
1  9.438e-04
1365
1  1.489e-04
1366
1  2.610e-06
1400
1  1.613e-03
1409
1  1.405e-03
1410
1  1.405e-03
1412
1  1.322e-03
1416
1  1.878e-03
1420
1  1.722e-03
1421
1  1.572e-03
1425
1  1.614e-03
1428
1  1.304e-03
1430
1  1.157e-03
1432
1  1.168e-03
1437
1  9.670e-04
1438
1  7.930e-04
1439
1  6.163e-04
1440
1  1.038e-04
1441
1  2.806e-06
1475
1  1.913e-03
1511
1  1.849e-03
1512
1  1.521e-03
1513
1  1.262e-03
1514
1  1.002e-03
1515
1  1.643e-04
1516
1  2.656e-06
1550
1  2.584e-03
1558
1  2.331e-03
1559
1  2.074e-03
1560
1  1.865e-03
1561
1  2.279e-03
1562
1  2.262e-03
1564
1  2.149e-03
1565
1  2.398e-03
1566
1  2.418e-03
1567
1  2.767e-03
1568
1  2.304e-03
1569
1  2.335e-03
1570
1  1.683e-03
1571
1  1.240e-03
1575
1  1.112e-03
1576
1  1.288e-03
1577
1  1.315e-03
1579
1  1.324e-03
1581
1  1.232e-03
1583
1  1.082e-03
1584
1  1.064e-03
1587
1  8.907e-04
1588
1  7.167e-04
1589
1  5.401e-04
1590
1  7.849e-05
1591
1  2.769e-06
1625
1  1.874e-03
1661
1  1.815e-03
1662
1  1.472e-03
1663
1  1.213e-03
1664
1  9.535e-04
1665
1  1.492e-04
1666
1  2.625e-06
1700
1  2.118e-03
1709
1  1.910e-03
1710
1  1.910e-03
1711
1  2.131e-03
1712
1  2.132e-03
1714
1  1.974e-03
1715
1  1.760e-03
1716
1  1.905e-03
1717
1  1.953e-03
1719
1  1.745e-03
1720
1  1.230e-03
1721
1  1.459e-03
1723
1  1.464e-03
1726
1  1.382e-03
1728
1  1.085e-03
1730
1  1.112e-03
1737
1  9.671e-04
1738
1  7.932e-04
1739
1  6.165e-04
1740
1  1.036e-04
1741
1  2.783e-06
1775
1  1.863e-03
1811
1  1.800e-03
1812
1  1.498e-03
1813
1  1.238e-03
1814
1  9.787e-04
1815
1  1.685e-04
1816
1  2.620e-06
1850
1  2.074e-03
1858
1  1.821e-03
1859
1  1.566e-03
1860
1  1.355e-03
1862
1  1.252e-03
1866
1  1.224e-03
1870
1  1.087e-03
1871
1  1.118e-03
1887
1  9.161e-04
1888
1  7.421e-04
1889
1  5.655e-04
1890
1  7.849e-05
1891
1  2.769e-06
1925
1  1.848e-03
1961
1  1.790e-03
1962
1  1.472e-03
1963
1  1.213e-03
1964
1  9.532e-04
1965
1  1.489e-04
1966
1  2.617e-06
2000
1  1.873e-03
2009
1  1.665e-03
2010
1  1.665e-03
2011
1  1.762e-03
2012
1  1.663e-03
2014
1  1.590e-03
2016
1  2.339e-03
2017
1  2.360e-03
2019
1  1.835e-03
2020
1  1.642e-03
2022
1  1.609e-03
2025
1  1.326e-03
2026
1  1.276e-03
2027
1  1.276e-03
2028
1  1.129e-03
2029
1  1.140e-03
2037
1  9.669e-04
2038
1  7.930e-04
2039
1  6.163e-04
2040
1  1.037e-04
2041
1  2.777e-06
2075
1  1.864e-03
2111
1  1.800e-03
2112
1  1.498e-03
2113
1  1.238e-03
2114
1  9.788e-04
2115
1  1.642e-04
2116
1  2.613e-06
2150
1  2.074e-03
2158
1  1.821e-03
2159
1  1.564e-03
2160
1  1.355e-03
2162
1  1.252e-03
2166
1  1.224e-03
2170
1  1.087e-03
2171
1  1.118e-03
2187
1  9.161e-04
2188
1  7.421e-04
2189
1  5.655e-04
2190
1  7.848e-05
2191
1  2.763e-06
2225
1  1.873e-03
2261
1  1.814e-03
2262
1  1.486e-03
2263
1  1.227e-03
2264
1  9.674e-04
2265
1  1.492e-04
2266
1  2.617e-06
2300
1  2.123e-03
2309
1  1.915e-03
2310
1  1.915e-03
2311
1  2.255e-03
2312
1  2.238e-03
2314
1  2.063e-03
2315
1  2.315e-03
2316
1  2.433e-03
2317
1  2.809e-03
2318
1  2.940e-03
2319
1  2.732e-03
2320
1  2.259e-03
2321
1  1.561e-03
2325
1  1.135e-03
2326
1  1.311e-03
2327
1  1.366e-03
2329
1  1.375e-03
2331
1  1.283e-03
2333
1  1.133e-03
2334
1  1.115e-03
2337
1  9.416e-04
2338
1  7.676e-04
2339
1  5.909e-04
2340
1  1.036e-04
2341
1  2.796e-06
2375
1  1.869e-03
2411
1  1.806e-03
2412
1  1.488e-03
2413
1  1.229e-03
2414
1  9.692e-04
2415
1  1.492e-04
2416
1  2.641e-06
2450
1  2.093e-03
2458
1  1.841e-03
2459
1  1.841e-03
2460
1  1.629e-03
2461
1  1.792e-03
2462
1  1.697e-03
2464
1  1.624e-03
2465
1  1.409e-03
2466
1  1.353e-03
2467
1  1.605e-03
2470
1  1.148e-03
2471
1  1.192e-03
2473
1  1.197e-03
2476
1  1.115e-03
2487
1  9.414e-04
2488
1  7.674e-04
2489
1  5.908e-04
2490
1  1.036e-04
2491
1  2.784e-06
2525
1  1.843e-03
2561
1  1.785e-03
2562
1  1.482e-03
2563
1  1.223e-03
2564
1  9.634e-04
2565
1  1.685e-04
2566
1  2.621e-06
2600
1  1.843e-03
2608
1  1.588e-03
2609
1  1.380e-03
2610
1  1.380e-03
2612
1  1.296e-03
2616
1  1.853e-03
2620
1  1.697e-03
2621
1  1.546e-03
2625
1  1.589e-03
2628
1  1.279e-03
2630
1  1.132e-03
2632
1  1.143e-03
2637
1  9.417e-04
2638
1  7.677e-04
2639
1  5.911e-04
2640
1  7.852e-05
2641
1  2.804e-06
2675
1  1.888e-03
2711
1  1.825e-03
2712
1  1.507e-03
2713
1  1.248e-03
2714
1  9.883e-04
2715
1  1.643e-04
2716
1  2.645e-06
2750
1  2.333e-03
2758
1  2.080e-03
2759
1  1.823e-03
2760
1  1.614e-03
2761
1  1.880e-03
2762
1  1.781e-03
2764
1  1.668e-03
2766
1  2.319e-03
2767
1  2.341e-03
2768
1  1.878e-03
2769
1  1.089e-03
2787
1  9.161e-04
2788
1  7.421e-04
2789
1  5.655e-04
2790
1  7.848e-05
2791
1  2.763e-06
2825
1  1.824e-03
2861
1  1.766e-03
2862
1  1.463e-03
2863
1  1.203e-03
2864
1  9.438e-04
2865
1  1.492e-04
2866
1  2.601e-06
2900
1  1.613e-03
2909
1  1.405e-03
2910
1  1.405e-03
2912
1  1.321e-03
2916
1  1.878e-03
2920
1  1.722e-03
2921
1  1.217e-03
2925
1  1.189e-03
2926
1  1.142e-03
2927
1  1.141e-03
2928
1  1.168e-03
2937
1  9.669e-04
2938
1  7.929e-04
2939
1  6.163e-04
2940
1  1.036e-04
2941
1  2.766e-06
2975
1  1.894e-03
3011
1  1.830e-03
3012
1  1.502e-03
3013
1  1.243e-03
3014
1  9.830e-04
3015
1  1.492e-04
3016
1  2.615e-06
3050
1  2.354e-03
3058
1  2.101e-03
3059
1  2.101e-03
3060
1  1.889e-03
3061
1  2.398e-03
3062
1  2.381e-03
3064
1  2.165e-03
3065
1  2.611e-03
3066
1  2.632e-03
3067
1  2.390e-03
3068
1  2.408e-03
3069
1  2.081e-03
3070
1  1.797e-03
3072
1  1.361e-03
3075
1  1.233e-03
3077
1  1.343e-03
3079
1  1.356e-03
3082
1  1.264e-03
3084
1  1.114e-03
3085
1  1.089e-03
3087
1  9.158e-04
3088
1  7.418e-04
3089
1  5.652e-04
3090
1  1.036e-04
3091
1  2.799e-06
3125
1  1.899e-03
3161
1  1.840e-03
3162
1  1.487e-03
3163
1  1.228e-03
3164
1  9.680e-04
3165
1  1.493e-04
3166
1  2.660e-06
3200
1  2.367e-03
3209
1  2.159e-03
3210
1  2.159e-03
3211
1  2.143e-03
3212
1  1.892e-03
3214
1  1.734e-03
3215
1  1.651e-03
3216
1  1.816e-03
3217
1  2.004e-03
3219
1  1.796e-03
3220
1  1.428e-03
3221
1  1.284e-03
3227
1  1.233e-03
3229
1  1.087e-03
3237
1  9.416e-04
3238
1  7.676e-04
3239
1  5.910e-04
3240
1  1.036e-04
3241
1  2.781e-06
3275
1  1.848e-03
3311
1  1.785e-03
3312
1  1.483e-03
3313
1  1.224e-03
3314
1  9.641e-04
3315
1  1.492e-04
3316
1  2.615e-06
3350
1  1.890e-03
3358
1  1.637e-03
3359
1  1.380e-03
3362
1  1.277e-03
3366
1  1.249e-03
3370
1  1.112e-03
3371
1  1.143e-03
3387
1  9.410e-04
3388
1  7.670e-04
3389
1  5.904e-04
3390
1  1.036e-04
3391
1  2.767e-06
3425
1  1.848e-03
3461
1  1.790e-03
3462
1  1.472e-03
3463
1  1.213e-03
3464
1  9.536e-04
3465
1  1.492e-04
3466
1  2.616e-06
3500
1  1.873e-03
3509
1  1.665e-03
3510
1  1.665e-03
3511
1  1.762e-03
3512
1  1.708e-03
3514
1  1.636e-03
3516
1  1.733e-03
3517
1  1.752e-03
3518
1  1.596e-03
3519
1  1.388e-03
3520
1  1.195e-03
3522
1  1.410e-03
3529
1  1.113e-03
3531
1  1.140e-03
3537
1  9.668e-04
3538
1  7.928e-04
3539
1  6.162e-04
3540
1  1.036e-04
3541
1  2.796e-06
3575
1  1.844e-03
3611
1  1.781e-03
3612
1  1.479e-03
3613
1  1.219e-03
3614
1  9.598e-04
3615
1  1.492e-04
3616
1  2.633e-06
3650
1  1.844e-03
3658
1  1.591e-03
3659
1  1.591e-03
3660
1  1.380e-03
3662
1  1.277e-03
3666
1  1.249e-03
3670
1  1.112e-03
3671
1  1.143e-03
3687
1  9.410e-04
3688
1  7.671e-04
3689
1  5.904e-04
3690
1  1.036e-04
3691
1  2.799e-06
3725
1  1.873e-03
3761
1  1.815e-03
3762
1  1.487e-03
3763
1  1.228e-03
3764
1  9.681e-04
3765
1  1.492e-04
3766
1  2.651e-06
3800
1  1.115e-03
3801
1  0.000e+00
; file closed at 4ns
; trailer 819505344
